2021-11-16 10:25:39.929 | DEBUG    | request id: None | base.data_connectors.PandasFileConnector:load - [PandasFileConnector] Data loading (./data/or2/q1_data.csv) initiated...
2021-11-16 10:25:39.930 | DEBUG    | request id: None | base.data_connectors.PandasFileConnector:_check_filetype - [_check_filetype] File extension detected as .csv
2021-11-16 10:25:39.935 | INFO     | request id: None | base.data_connectors.PandasFileConnector:load - [PandasFileConnector] Data loaded (./data/or2/q1_data.csv) successfully.
2021-11-16 11:38:36.235 | DEBUG    | request id: None | base.data_connectors.PandasFileConnector:load - [PandasFileConnector] Data loading (./data/or2/q1_data.csv) initiated...
2021-11-16 11:38:36.235 | DEBUG    | request id: None | base.data_connectors.PandasFileConnector:_check_filetype - [_check_filetype] File extension detected as .csv
2021-11-16 11:38:36.240 | INFO     | request id: None | base.data_connectors.PandasFileConnector:load - [PandasFileConnector] Data loaded (./data/or2/q1_data.csv) successfully.
2021-11-16 11:38:36.272 | INFO     | request id: None | __main__:build_and_run - Setting up model...
2021-11-16 11:38:36.273 | DEBUG    | request id: None | __main__:_set_parameters - Defining model indices and sets...
2021-11-16 11:38:36.274 | DEBUG    | request id: None | __main__:_set_parameters - Model indices and sets defined successfully.
2021-11-16 11:38:36.275 | DEBUG    | request id: None | __main__:_set_parameters - Defining model parameters...
2021-11-16 11:38:36.300 | DEBUG    | request id: None | __main__:_set_parameters - Model parameters defined successfully.
2021-11-16 11:38:36.301 | DEBUG    | request id: None | __main__:_set_parameters - Defining model decision variables...
2021-11-16 11:38:36.301 | DEBUG    | request id: None | __main__:_set_parameters - Model decision variables defined successfully.
2021-11-16 11:38:36.302 | DEBUG    | request id: None | __main__:_set_constraints - Defining model constraints...
2021-11-16 11:39:30.578 | DEBUG    | request id: None | base.data_connectors.PandasFileConnector:load - [PandasFileConnector] Data loading (./data/or2/q1_data.csv) initiated...
2021-11-16 11:39:30.579 | DEBUG    | request id: None | base.data_connectors.PandasFileConnector:_check_filetype - [_check_filetype] File extension detected as .csv
2021-11-16 11:39:30.584 | INFO     | request id: None | base.data_connectors.PandasFileConnector:load - [PandasFileConnector] Data loaded (./data/or2/q1_data.csv) successfully.
2021-11-16 11:39:30.617 | INFO     | request id: None | __main__:build_and_run - Setting up model...
2021-11-16 11:39:30.617 | DEBUG    | request id: None | __main__:_set_parameters - Defining model indices and sets...
2021-11-16 11:39:30.618 | DEBUG    | request id: None | __main__:_set_parameters - Model indices and sets defined successfully.
2021-11-16 11:39:30.619 | DEBUG    | request id: None | __main__:_set_parameters - Defining model parameters...
2021-11-16 11:39:30.645 | DEBUG    | request id: None | __main__:_set_parameters - Model parameters defined successfully.
2021-11-16 11:39:30.646 | DEBUG    | request id: None | __main__:_set_parameters - Defining model decision variables...
2021-11-16 11:39:30.647 | DEBUG    | request id: None | __main__:_set_parameters - Model decision variables defined successfully.
2021-11-16 11:39:30.647 | DEBUG    | request id: None | __main__:_set_constraints - Defining model constraints...
2021-11-16 11:47:08.046 | DEBUG    | request id: None | base.data_connectors.PandasFileConnector:load - [PandasFileConnector] Data loading (./data/or2/q1_data.csv) initiated...
2021-11-16 11:47:08.047 | DEBUG    | request id: None | base.data_connectors.PandasFileConnector:_check_filetype - [_check_filetype] File extension detected as .csv
2021-11-16 11:47:08.052 | INFO     | request id: None | base.data_connectors.PandasFileConnector:load - [PandasFileConnector] Data loaded (./data/or2/q1_data.csv) successfully.
2021-11-16 11:47:08.085 | INFO     | request id: None | __main__:build_and_run - Setting up model...
2021-11-16 11:47:08.086 | DEBUG    | request id: None | __main__:_set_parameters - Defining model indices and sets...
2021-11-16 11:47:08.087 | DEBUG    | request id: None | __main__:_set_parameters - Model indices and sets defined successfully.
2021-11-16 11:47:08.087 | DEBUG    | request id: None | __main__:_set_parameters - Defining model parameters...
2021-11-16 11:47:08.113 | DEBUG    | request id: None | __main__:_set_parameters - Model parameters defined successfully.
2021-11-16 11:47:08.114 | DEBUG    | request id: None | __main__:_set_parameters - Defining model decision variables...
2021-11-16 11:47:08.115 | DEBUG    | request id: None | __main__:_set_parameters - Model decision variables defined successfully.
2021-11-16 11:47:08.115 | DEBUG    | request id: None | __main__:_set_constraints - Defining model constraints...
2021-11-16 11:47:08.120 | DEBUG    | request id: None | __main__:_set_constraints - Model constraints defined successfully.
2021-11-16 11:47:08.121 | DEBUG    | request id: None | __main__:_set_objective_function - Defining model objective function...
2021-11-16 11:47:08.121 | DEBUG    | request id: None | __main__:_set_objective_function - Model objective function defined successfully.
2021-11-16 11:47:08.122 | INFO     | request id: None | __main__:build_and_run - Model setup completed successfully.
2021-11-16 11:47:08.122 | INFO     | request id: None | __main__:build_and_run - Solving model...
2021-11-16 11:47:08.126 | DEBUG    | request id: None | __main__:_solve_model - Solver starting...
2021-11-16 11:47:43.138 | DEBUG    | request id: None | base.data_connectors.PandasFileConnector:load - [PandasFileConnector] Data loading (./data/or2/q1_data.csv) initiated...
2021-11-16 11:47:43.138 | DEBUG    | request id: None | base.data_connectors.PandasFileConnector:_check_filetype - [_check_filetype] File extension detected as .csv
2021-11-16 11:47:43.143 | INFO     | request id: None | base.data_connectors.PandasFileConnector:load - [PandasFileConnector] Data loaded (./data/or2/q1_data.csv) successfully.
2021-11-16 11:47:43.177 | INFO     | request id: None | __main__:build_and_run - Setting up model...
2021-11-16 11:47:43.177 | DEBUG    | request id: None | __main__:_set_parameters - Defining model indices and sets...
2021-11-16 11:47:43.179 | DEBUG    | request id: None | __main__:_set_parameters - Model indices and sets defined successfully.
2021-11-16 11:47:43.179 | DEBUG    | request id: None | __main__:_set_parameters - Defining model parameters...
2021-11-16 11:47:43.205 | DEBUG    | request id: None | __main__:_set_parameters - Model parameters defined successfully.
2021-11-16 11:47:43.206 | DEBUG    | request id: None | __main__:_set_parameters - Defining model decision variables...
2021-11-16 11:47:43.207 | DEBUG    | request id: None | __main__:_set_parameters - Model decision variables defined successfully.
2021-11-16 11:47:43.207 | DEBUG    | request id: None | __main__:_set_constraints - Defining model constraints...
2021-11-16 11:47:43.212 | DEBUG    | request id: None | __main__:_set_constraints - Model constraints defined successfully.
2021-11-16 11:47:43.213 | DEBUG    | request id: None | __main__:_set_objective_function - Defining model objective function...
2021-11-16 11:47:43.214 | DEBUG    | request id: None | __main__:_set_objective_function - Model objective function defined successfully.
2021-11-16 11:47:43.214 | INFO     | request id: None | __main__:build_and_run - Model setup completed successfully.
2021-11-16 11:47:43.214 | INFO     | request id: None | __main__:build_and_run - Solving model...
2021-11-16 11:47:43.235 | DEBUG    | request id: None | __main__:_solve_model - Solver starting...
2021-11-16 11:47:43.280 | DEBUG    | request id: None | __main__:_solve_model - Solver completed.
2021-11-16 11:47:43.280 | DEBUG    | request id: None | __main__:_solve_model - Solution is feasible and optimal
2021-11-16 11:47:43.282 | INFO     | request id: None | __main__:build_and_run - Model solved successfully.
2021-11-16 11:51:05.649 | DEBUG    | request id: None | base.data_connectors.PandasFileConnector:load - [PandasFileConnector] Data loading (./data/or2/q1_data.csv) initiated...
2021-11-16 11:51:05.650 | DEBUG    | request id: None | base.data_connectors.PandasFileConnector:_check_filetype - [_check_filetype] File extension detected as .csv
2021-11-16 11:51:05.655 | INFO     | request id: None | base.data_connectors.PandasFileConnector:load - [PandasFileConnector] Data loaded (./data/or2/q1_data.csv) successfully.
2021-11-16 11:51:05.689 | INFO     | request id: None | __main__:build_and_run - Setting up model...
2021-11-16 11:51:05.690 | DEBUG    | request id: None | __main__:_set_parameters - Defining model indices and sets...
2021-11-16 11:51:05.691 | DEBUG    | request id: None | __main__:_set_parameters - Model indices and sets defined successfully.
2021-11-16 11:51:05.692 | DEBUG    | request id: None | __main__:_set_parameters - Defining model parameters...
2021-11-16 11:51:05.718 | DEBUG    | request id: None | __main__:_set_parameters - Model parameters defined successfully.
2021-11-16 11:51:05.718 | DEBUG    | request id: None | __main__:_set_parameters - Defining model decision variables...
2021-11-16 11:51:05.719 | DEBUG    | request id: None | __main__:_set_parameters - Model decision variables defined successfully.
2021-11-16 11:51:05.720 | DEBUG    | request id: None | __main__:_set_constraints - Defining model constraints...
2021-11-16 11:51:05.725 | DEBUG    | request id: None | __main__:_set_constraints - Model constraints defined successfully.
2021-11-16 11:51:05.726 | DEBUG    | request id: None | __main__:_set_objective_function - Defining model objective function...
2021-11-16 11:51:05.727 | DEBUG    | request id: None | __main__:_set_objective_function - Model objective function defined successfully.
2021-11-16 11:51:05.727 | INFO     | request id: None | __main__:build_and_run - Model setup completed successfully.
2021-11-16 11:51:05.727 | INFO     | request id: None | __main__:build_and_run - Solving model...
2021-11-16 11:51:05.746 | DEBUG    | request id: None | __main__:_solve_model - Solver starting...
2021-11-16 19:11:22.510 | DEBUG    | request id: None | base.data_connectors.PandasFileConnector:load - [PandasFileConnector] Data loading (./data/or2/q1_data.csv) initiated...
2021-11-16 19:11:22.510 | DEBUG    | request id: None | base.data_connectors.PandasFileConnector:_check_filetype - [_check_filetype] File extension detected as .csv
2021-11-16 19:11:22.516 | INFO     | request id: None | base.data_connectors.PandasFileConnector:load - [PandasFileConnector] Data loaded (./data/or2/q1_data.csv) successfully.
2021-11-16 19:11:22.535 | INFO     | request id: None | __main__:build_and_run - Setting up model...
2021-11-16 19:11:22.535 | DEBUG    | request id: None | __main__:_set_parameters - Defining model indices and sets...
2021-11-16 19:11:22.536 | DEBUG    | request id: None | __main__:_set_parameters - Model indices and sets defined successfully.
2021-11-16 19:11:22.536 | DEBUG    | request id: None | __main__:_set_parameters - Defining model parameters...
2021-11-16 19:11:22.545 | DEBUG    | request id: None | __main__:_set_parameters - Model parameters defined successfully.
2021-11-16 19:11:22.546 | DEBUG    | request id: None | __main__:_set_parameters - Defining model decision variables...
2021-11-16 19:11:22.546 | DEBUG    | request id: None | __main__:_set_parameters - Model decision variables defined successfully.
2021-11-16 19:11:22.546 | DEBUG    | request id: None | __main__:_set_constraints - Defining model constraints...
2021-11-16 19:11:22.550 | DEBUG    | request id: None | __main__:_set_constraints - Model constraints defined successfully.
2021-11-16 19:11:22.551 | DEBUG    | request id: None | __main__:_set_objective_function - Defining model objective function...
2021-11-16 19:11:22.551 | DEBUG    | request id: None | __main__:_set_objective_function - Model objective function defined successfully.
2021-11-16 19:11:22.552 | INFO     | request id: None | __main__:build_and_run - Model setup completed successfully.
2021-11-16 19:11:22.552 | INFO     | request id: None | __main__:build_and_run - Solving model...
2021-11-16 19:11:22.571 | DEBUG    | request id: None | __main__:_solve_model - Solver starting...
2021-11-16 19:12:14.477 | DEBUG    | request id: None | base.data_connectors.PandasFileConnector:load - [PandasFileConnector] Data loading (./data/or2/q1_data.csv) initiated...
2021-11-16 19:12:14.478 | DEBUG    | request id: None | base.data_connectors.PandasFileConnector:_check_filetype - [_check_filetype] File extension detected as .csv
2021-11-16 19:12:14.482 | INFO     | request id: None | base.data_connectors.PandasFileConnector:load - [PandasFileConnector] Data loaded (./data/or2/q1_data.csv) successfully.
2021-11-16 19:12:14.496 | INFO     | request id: None | __main__:build_and_run - Setting up model...
2021-11-16 19:12:14.496 | DEBUG    | request id: None | __main__:_set_parameters - Defining model indices and sets...
2021-11-16 19:12:14.497 | DEBUG    | request id: None | __main__:_set_parameters - Model indices and sets defined successfully.
2021-11-16 19:12:14.497 | DEBUG    | request id: None | __main__:_set_parameters - Defining model parameters...
2021-11-16 19:12:14.507 | DEBUG    | request id: None | __main__:_set_parameters - Model parameters defined successfully.
2021-11-16 19:12:14.507 | DEBUG    | request id: None | __main__:_set_parameters - Defining model decision variables...
2021-11-16 19:12:14.508 | DEBUG    | request id: None | __main__:_set_parameters - Model decision variables defined successfully.
2021-11-16 19:12:14.508 | DEBUG    | request id: None | __main__:_set_constraints - Defining model constraints...
2021-11-16 19:12:14.510 | DEBUG    | request id: None | __main__:_set_constraints - Model constraints defined successfully.
2021-11-16 19:12:14.510 | DEBUG    | request id: None | __main__:_set_objective_function - Defining model objective function...
2021-11-16 19:12:14.511 | DEBUG    | request id: None | __main__:_set_objective_function - Model objective function defined successfully.
2021-11-16 19:12:14.511 | INFO     | request id: None | __main__:build_and_run - Model setup completed successfully.
2021-11-16 19:12:14.511 | INFO     | request id: None | __main__:build_and_run - Solving model...
2021-11-16 19:12:14.526 | DEBUG    | request id: None | __main__:_solve_model - Solver starting...
2021-11-16 19:12:14.574 | DEBUG    | request id: None | __main__:_solve_model - Solver completed.
2021-11-16 19:12:14.574 | DEBUG    | request id: None | __main__:_solve_model - Solution is feasible and optimal
2021-11-16 19:12:14.575 | INFO     | request id: None | __main__:build_and_run - Model solved successfully.
2021-11-16 19:12:22.780 | DEBUG    | request id: None | base.data_connectors.PandasFileConnector:load - [PandasFileConnector] Data loading (./data/or2/q1_data.csv) initiated...
2021-11-16 19:12:22.781 | DEBUG    | request id: None | base.data_connectors.PandasFileConnector:_check_filetype - [_check_filetype] File extension detected as .csv
2021-11-16 19:12:22.786 | INFO     | request id: None | base.data_connectors.PandasFileConnector:load - [PandasFileConnector] Data loaded (./data/or2/q1_data.csv) successfully.
2021-11-16 19:12:22.822 | INFO     | request id: None | __main__:build_and_run - Setting up model...
2021-11-16 19:12:22.823 | DEBUG    | request id: None | __main__:_set_parameters - Defining model indices and sets...
2021-11-16 19:12:22.824 | DEBUG    | request id: None | __main__:_set_parameters - Model indices and sets defined successfully.
2021-11-16 19:12:22.825 | DEBUG    | request id: None | __main__:_set_parameters - Defining model parameters...
2021-11-16 19:12:22.852 | DEBUG    | request id: None | __main__:_set_parameters - Model parameters defined successfully.
2021-11-16 19:12:22.853 | DEBUG    | request id: None | __main__:_set_parameters - Defining model decision variables...
2021-11-16 19:12:22.854 | DEBUG    | request id: None | __main__:_set_parameters - Model decision variables defined successfully.
2021-11-16 19:12:22.854 | DEBUG    | request id: None | __main__:_set_constraints - Defining model constraints...
2021-11-16 19:12:22.860 | DEBUG    | request id: None | __main__:_set_constraints - Model constraints defined successfully.
2021-11-16 19:12:22.860 | DEBUG    | request id: None | __main__:_set_objective_function - Defining model objective function...
2021-11-16 19:12:22.861 | DEBUG    | request id: None | __main__:_set_objective_function - Model objective function defined successfully.
2021-11-16 19:12:22.862 | INFO     | request id: None | __main__:build_and_run - Model setup completed successfully.
2021-11-16 19:12:22.862 | INFO     | request id: None | __main__:build_and_run - Solving model...
2021-11-16 19:12:22.882 | DEBUG    | request id: None | __main__:_solve_model - Solver starting...
2021-11-16 19:12:22.934 | DEBUG    | request id: None | __main__:_solve_model - Solver completed.
2021-11-16 19:12:22.934 | DEBUG    | request id: None | __main__:_solve_model - Solution is feasible and optimal
2021-11-16 19:12:22.936 | INFO     | request id: None | __main__:build_and_run - Model solved successfully.
2021-11-16 19:15:28.108 | DEBUG    | request id: None | base.data_connectors.PandasFileConnector:load - [PandasFileConnector] Data loading (./data/or2/q1_data.csv) initiated...
2021-11-16 19:15:28.108 | DEBUG    | request id: None | base.data_connectors.PandasFileConnector:_check_filetype - [_check_filetype] File extension detected as .csv
2021-11-16 19:15:28.112 | INFO     | request id: None | base.data_connectors.PandasFileConnector:load - [PandasFileConnector] Data loaded (./data/or2/q1_data.csv) successfully.
2021-11-16 19:15:28.126 | INFO     | request id: None | __main__:build_and_run - Setting up model...
2021-11-16 19:15:28.126 | DEBUG    | request id: None | __main__:_set_parameters - Defining model indices and sets...
2021-11-16 19:15:28.127 | DEBUG    | request id: None | __main__:_set_parameters - Model indices and sets defined successfully.
2021-11-16 19:15:28.127 | DEBUG    | request id: None | __main__:_set_parameters - Defining model parameters...
2021-11-16 19:15:28.137 | DEBUG    | request id: None | __main__:_set_parameters - Model parameters defined successfully.
2021-11-16 19:15:28.137 | DEBUG    | request id: None | __main__:_set_parameters - Defining model decision variables...
2021-11-16 19:15:28.138 | DEBUG    | request id: None | __main__:_set_parameters - Model decision variables defined successfully.
2021-11-16 19:15:28.138 | DEBUG    | request id: None | __main__:_set_constraints - Defining model constraints...
2021-11-16 19:15:28.140 | DEBUG    | request id: None | __main__:_set_constraints - Model constraints defined successfully.
2021-11-16 19:15:28.141 | DEBUG    | request id: None | __main__:_set_objective_function - Defining model objective function...
2021-11-16 19:15:28.141 | DEBUG    | request id: None | __main__:_set_objective_function - Model objective function defined successfully.
2021-11-16 19:15:28.141 | INFO     | request id: None | __main__:build_and_run - Model setup completed successfully.
2021-11-16 19:15:28.142 | INFO     | request id: None | __main__:build_and_run - Solving model...
2021-11-16 19:15:28.157 | DEBUG    | request id: None | __main__:_solve_model - Solver starting...
2021-11-16 19:15:28.190 | DEBUG    | request id: None | __main__:_solve_model - Solver completed.
2021-11-16 19:15:28.190 | DEBUG    | request id: None | __main__:_solve_model - Solution is feasible and optimal
2021-11-16 19:15:28.191 | INFO     | request id: None | __main__:build_and_run - Model solved successfully.
